Determining if the pthread_create exist failed with the following output:
Change Dir: /home/workspace/build/CMakeFiles/CMakeTmp

Run Build Command:"/usr/bin/make" "cmTC_dc906/fast"
/usr/bin/make -f CMakeFiles/cmTC_dc906.dir/build.make CMakeFiles/cmTC_dc906.dir/build
make[1]: Entering directory '/home/workspace/build/CMakeFiles/CMakeTmp'
Building C object CMakeFiles/cmTC_dc906.dir/CheckSymbolExists.c.o
/usr/bin/cc    -o CMakeFiles/cmTC_dc906.dir/CheckSymbolExists.c.o   -c /home/workspace/build/CMakeFiles/CMakeTmp/CheckSymbolExists.c
Linking C executable cmTC_dc906
/usr/local/bin/cmake -E cmake_link_script CMakeFiles/cmTC_dc906.dir/link.txt --verbose=1
/usr/bin/cc      -rdynamic CMakeFiles/cmTC_dc906.dir/CheckSymbolExists.c.o  -o cmTC_dc906 
CMakeFiles/cmTC_dc906.dir/CheckSymbolExists.c.o: In function `main':
CheckSymbolExists.c:(.text+0x16): undefined reference to `pthread_create'
collect2: error: ld returned 1 exit status
CMakeFiles/cmTC_dc906.dir/build.make:86: recipe for target 'cmTC_dc906' failed
make[1]: *** [cmTC_dc906] Error 1
make[1]: Leaving directory '/home/workspace/build/CMakeFiles/CMakeTmp'
Makefile:121: recipe for target 'cmTC_dc906/fast' failed
make: *** [cmTC_dc906/fast] Error 2

File /home/workspace/build/CMakeFiles/CMakeTmp/CheckSymbolExists.c:
/* */
#include <pthread.h>

int main(int argc, char** argv)
{
  (void)argv;
#ifndef pthread_create
  return ((int*)(&pthread_create))[argc];
#else
  (void)argc;
  return 0;
#endif
}

Determining if the function pthread_create exists in the pthreads failed with the following output:
Change Dir: /home/workspace/build/CMakeFiles/CMakeTmp

Run Build Command:"/usr/bin/make" "cmTC_dc804/fast"
/usr/bin/make -f CMakeFiles/cmTC_dc804.dir/build.make CMakeFiles/cmTC_dc804.dir/build
make[1]: Entering directory '/home/workspace/build/CMakeFiles/CMakeTmp'
Building C object CMakeFiles/cmTC_dc804.dir/CheckFunctionExists.c.o
/usr/bin/cc   -DCHECK_FUNCTION_EXISTS=pthread_create   -o CMakeFiles/cmTC_dc804.dir/CheckFunctionExists.c.o   -c /usr/local/share/cmake-3.13/Modules/CheckFunctionExists.c
Linking C executable cmTC_dc804
/usr/local/bin/cmake -E cmake_link_script CMakeFiles/cmTC_dc804.dir/link.txt --verbose=1
/usr/bin/cc  -DCHECK_FUNCTION_EXISTS=pthread_create    -rdynamic CMakeFiles/cmTC_dc804.dir/CheckFunctionExists.c.o  -o cmTC_dc804 -lpthreads 
/usr/bin/ld: cannot find -lpthreads
collect2: error: ld returned 1 exit status
CMakeFiles/cmTC_dc804.dir/build.make:86: recipe for target 'cmTC_dc804' failed
make[1]: *** [cmTC_dc804] Error 1
make[1]: Leaving directory '/home/workspace/build/CMakeFiles/CMakeTmp'
Makefile:121: recipe for target 'cmTC_dc804/fast' failed
make: *** [cmTC_dc804/fast] Error 2


